<?xml version="1.0" encoding="UTF-8"?>
<!-- Generated by org.testng.reporters.JUnitXMLReporter -->
<testsuite ignored="1" hostname="Vikram" failures="16" tests="16" name="Test" time="1.104" errors="0" timestamp="01 Jul 2024 05:10:23 GMT">
  <testcase classname="api.test.UserTests2" name="testPostUser" time="0.008">
    <failure type="java.lang.AbstractMethodError" message="Receiver class api.utilities.ExtentReportManager does not define or inherit an implementation of the resolved method &amp;apos;abstract void onTestStart(org.testng.ITestResult)&amp;apos; of interface org.testng.ITestListener.">
      <![CDATA[java.lang.AbstractMethodError: Receiver class api.utilities.ExtentReportManager does not define or inherit an implementation of the resolved method 'abstract void onTestStart(org.testng.ITestResult)' of interface org.testng.ITestListener.
... Removed 22 stack frames]]>
    </failure>
  </testcase> <!-- testPostUser -->
  <testcase classname="api.test.UserTests2" name="getexamdetails" time="0.004">
    <failure type="java.lang.AbstractMethodError" message="Receiver class api.utilities.ExtentReportManager does not define or inherit an implementation of the resolved method &amp;apos;abstract void onTestStart(org.testng.ITestResult)&amp;apos; of interface org.testng.ITestListener.">
      <![CDATA[java.lang.AbstractMethodError: Receiver class api.utilities.ExtentReportManager does not define or inherit an implementation of the resolved method 'abstract void onTestStart(org.testng.ITestResult)' of interface org.testng.ITestListener.
... Removed 22 stack frames]]>
    </failure>
  </testcase> <!-- getexamdetails -->
  <testcase classname="api.test.UserTests2" name="Createexams" time="0.002">
    <failure type="java.lang.AbstractMethodError" message="Receiver class api.utilities.ExtentReportManager does not define or inherit an implementation of the resolved method &amp;apos;abstract void onTestStart(org.testng.ITestResult)&amp;apos; of interface org.testng.ITestListener.">
      <![CDATA[java.lang.AbstractMethodError: Receiver class api.utilities.ExtentReportManager does not define or inherit an implementation of the resolved method 'abstract void onTestStart(org.testng.ITestResult)' of interface org.testng.ITestListener.
... Removed 22 stack frames]]>
    </failure>
  </testcase> <!-- Createexams -->
  <testcase classname="api.test.UserTests2" name="scheduledexamdetails" time="0.001">
    <failure type="java.lang.AbstractMethodError" message="Receiver class api.utilities.ExtentReportManager does not define or inherit an implementation of the resolved method &amp;apos;abstract void onTestStart(org.testng.ITestResult)&amp;apos; of interface org.testng.ITestListener.">
      <![CDATA[java.lang.AbstractMethodError: Receiver class api.utilities.ExtentReportManager does not define or inherit an implementation of the resolved method 'abstract void onTestStart(org.testng.ITestResult)' of interface org.testng.ITestListener.
... Removed 22 stack frames]]>
    </failure>
  </testcase> <!-- scheduledexamdetails -->
  <testcase classname="api.test.UserTests2" name="scheduleExamTest" time="0.002">
    <failure type="java.lang.AbstractMethodError" message="Receiver class api.utilities.ExtentReportManager does not define or inherit an implementation of the resolved method &amp;apos;abstract void onTestStart(org.testng.ITestResult)&amp;apos; of interface org.testng.ITestListener.">
      <![CDATA[java.lang.AbstractMethodError: Receiver class api.utilities.ExtentReportManager does not define or inherit an implementation of the resolved method 'abstract void onTestStart(org.testng.ITestResult)' of interface org.testng.ITestListener.
... Removed 22 stack frames]]>
    </failure>
  </testcase> <!-- scheduleExamTest -->
  <testcase classname="api.test.UserTests2" name="getExamDetailsTest" time="0.002">
    <failure type="java.lang.AbstractMethodError" message="Receiver class api.utilities.ExtentReportManager does not define or inherit an implementation of the resolved method &amp;apos;abstract void onTestStart(org.testng.ITestResult)&amp;apos; of interface org.testng.ITestListener.">
      <![CDATA[java.lang.AbstractMethodError: Receiver class api.utilities.ExtentReportManager does not define or inherit an implementation of the resolved method 'abstract void onTestStart(org.testng.ITestResult)' of interface org.testng.ITestListener.
... Removed 22 stack frames]]>
    </failure>
  </testcase> <!-- getExamDetailsTest -->
  <testcase classname="api.test.UserTests2" name="createSectionTest" time="0.004">
    <failure type="java.lang.AbstractMethodError" message="Receiver class api.utilities.ExtentReportManager does not define or inherit an implementation of the resolved method &amp;apos;abstract void onTestStart(org.testng.ITestResult)&amp;apos; of interface org.testng.ITestListener.">
      <![CDATA[java.lang.AbstractMethodError: Receiver class api.utilities.ExtentReportManager does not define or inherit an implementation of the resolved method 'abstract void onTestStart(org.testng.ITestResult)' of interface org.testng.ITestListener.
... Removed 22 stack frames]]>
    </failure>
  </testcase> <!-- createSectionTest -->
  <testcase classname="api.test.UserTests2" name="postSectionTest" time="0.001">
    <failure type="java.lang.AbstractMethodError" message="Receiver class api.utilities.ExtentReportManager does not define or inherit an implementation of the resolved method &amp;apos;abstract void onTestStart(org.testng.ITestResult)&amp;apos; of interface org.testng.ITestListener.">
      <![CDATA[java.lang.AbstractMethodError: Receiver class api.utilities.ExtentReportManager does not define or inherit an implementation of the resolved method 'abstract void onTestStart(org.testng.ITestResult)' of interface org.testng.ITestListener.
... Removed 22 stack frames]]>
    </failure>
  </testcase> <!-- postSectionTest -->
  <testcase classname="api.test.UserTests2" name="getExamDetails" time="0.001">
    <failure type="java.lang.AbstractMethodError" message="Receiver class api.utilities.ExtentReportManager does not define or inherit an implementation of the resolved method &amp;apos;abstract void onTestStart(org.testng.ITestResult)&amp;apos; of interface org.testng.ITestListener.">
      <![CDATA[java.lang.AbstractMethodError: Receiver class api.utilities.ExtentReportManager does not define or inherit an implementation of the resolved method 'abstract void onTestStart(org.testng.ITestResult)' of interface org.testng.ITestListener.
... Removed 22 stack frames]]>
    </failure>
  </testcase> <!-- getExamDetails -->
  <testcase classname="api.test.UserTests2" name="getExportwrd" time="0.001">
    <failure type="java.lang.AbstractMethodError" message="Receiver class api.utilities.ExtentReportManager does not define or inherit an implementation of the resolved method &amp;apos;abstract void onTestStart(org.testng.ITestResult)&amp;apos; of interface org.testng.ITestListener.">
      <![CDATA[java.lang.AbstractMethodError: Receiver class api.utilities.ExtentReportManager does not define or inherit an implementation of the resolved method 'abstract void onTestStart(org.testng.ITestResult)' of interface org.testng.ITestListener.
... Removed 22 stack frames]]>
    </failure>
  </testcase> <!-- getExportwrd -->
  <testcase classname="api.test.UserTests2" name="viewquestion" time="0.001">
    <failure type="java.lang.AbstractMethodError" message="Receiver class api.utilities.ExtentReportManager does not define or inherit an implementation of the resolved method &amp;apos;abstract void onTestStart(org.testng.ITestResult)&amp;apos; of interface org.testng.ITestListener.">
      <![CDATA[java.lang.AbstractMethodError: Receiver class api.utilities.ExtentReportManager does not define or inherit an implementation of the resolved method 'abstract void onTestStart(org.testng.ITestResult)' of interface org.testng.ITestListener.
... Removed 22 stack frames]]>
    </failure>
  </testcase> <!-- viewquestion -->
  <testcase classname="api.test.UserTests2" name="deleteQuestionTest" time="0.002">
    <failure type="java.lang.AbstractMethodError" message="Receiver class api.utilities.ExtentReportManager does not define or inherit an implementation of the resolved method &amp;apos;abstract void onTestStart(org.testng.ITestResult)&amp;apos; of interface org.testng.ITestListener.">
      <![CDATA[java.lang.AbstractMethodError: Receiver class api.utilities.ExtentReportManager does not define or inherit an implementation of the resolved method 'abstract void onTestStart(org.testng.ITestResult)' of interface org.testng.ITestListener.
... Removed 22 stack frames]]>
    </failure>
  </testcase> <!-- deleteQuestionTest -->
  <testcase classname="api.test.UserTests2" name="getPastExamsTest" time="0.001">
    <failure type="java.lang.AbstractMethodError" message="Receiver class api.utilities.ExtentReportManager does not define or inherit an implementation of the resolved method &amp;apos;abstract void onTestStart(org.testng.ITestResult)&amp;apos; of interface org.testng.ITestListener.">
      <![CDATA[java.lang.AbstractMethodError: Receiver class api.utilities.ExtentReportManager does not define or inherit an implementation of the resolved method 'abstract void onTestStart(org.testng.ITestResult)' of interface org.testng.ITestListener.
... Removed 22 stack frames]]>
    </failure>
  </testcase> <!-- getPastExamsTest -->
  <testcase classname="api.test.UserTests2" name="getAllQuestionsTest" time="0.001">
    <failure type="java.lang.AbstractMethodError" message="Receiver class api.utilities.ExtentReportManager does not define or inherit an implementation of the resolved method &amp;apos;abstract void onTestStart(org.testng.ITestResult)&amp;apos; of interface org.testng.ITestListener.">
      <![CDATA[java.lang.AbstractMethodError: Receiver class api.utilities.ExtentReportManager does not define or inherit an implementation of the resolved method 'abstract void onTestStart(org.testng.ITestResult)' of interface org.testng.ITestListener.
... Removed 22 stack frames]]>
    </failure>
  </testcase> <!-- getAllQuestionsTest -->
  <testcase classname="api.test.UserTests2" name="getExamssections" time="0.001">
    <failure type="java.lang.AbstractMethodError" message="Receiver class api.utilities.ExtentReportManager does not define or inherit an implementation of the resolved method &amp;apos;abstract void onTestStart(org.testng.ITestResult)&amp;apos; of interface org.testng.ITestListener.">
      <![CDATA[java.lang.AbstractMethodError: Receiver class api.utilities.ExtentReportManager does not define or inherit an implementation of the resolved method 'abstract void onTestStart(org.testng.ITestResult)' of interface org.testng.ITestListener.
... Removed 22 stack frames]]>
    </failure>
  </testcase> <!-- getExamssections -->
  <testcase classname="api.test.UserTests2" name="template" time="0.001">
    <failure type="java.lang.AbstractMethodError" message="Receiver class api.utilities.ExtentReportManager does not define or inherit an implementation of the resolved method &amp;apos;abstract void onTestStart(org.testng.ITestResult)&amp;apos; of interface org.testng.ITestListener.">
      <![CDATA[java.lang.AbstractMethodError: Receiver class api.utilities.ExtentReportManager does not define or inherit an implementation of the resolved method 'abstract void onTestStart(org.testng.ITestResult)' of interface org.testng.ITestListener.
... Removed 22 stack frames]]>
    </failure>
  </testcase> <!-- template -->
  <testcase classname="api.test.UserTests2" name="testLoginUser" time="0.0">
    <ignored/>
  </testcase> <!-- testLoginUser -->
</testsuite> <!-- Test -->
